{"meta": {"version": "6.4.1", "timestamp": "2022-06-10T06:37:37.786426", "branch_coverage": true, "show_contexts": false}, "files": {"main.py": {"executed_lines": [1, 4], "summary": {"covered_lines": 2, "num_statements": 8, "percent_covered": 20.0, "percent_covered_display": "20", "missing_lines": 6, "excluded_lines": 0, "num_branches": 2, "num_partial_branches": 0, "covered_branches": 0, "missing_branches": 2}, "missing_lines": [5, 6, 8, 9, 11, 13], "excluded_lines": []}}, "totals": {"covered_lines": 2, "num_statements": 8, "percent_covered": 20.0, "percent_covered_display": "20", "missing_lines": 6, "excluded_lines": 0, "num_branches": 2, "num_partial_branches": 0, "covered_branches": 0, "missing_branches": 2}}