{"meta": {"version": "6.4.1", "timestamp": "2022-06-10T06:31:48.771864", "branch_coverage": false, "show_contexts": false}, "files": {"main.py": {"executed_lines": [1, 4, 5, 6, 8, 9, 11, 13], "summary": {"covered_lines": 8, "num_statements": 8, "percent_covered": 100.0, "percent_covered_display": "100", "missing_lines": 0, "excluded_lines": 0}, "missing_lines": [], "excluded_lines": []}, "main_tests.py": {"executed_lines": [1, 3, 4, 7, 10, 11, 13, 14, 15, 18, 20, 23, 24, 25, 26, 27, 29, 32], "summary": {"covered_lines": 18, "num_statements": 19, "percent_covered": 94.73684210526316, "percent_covered_display": "95", "missing_lines": 1, "excluded_lines": 0}, "missing_lines": [33], "excluded_lines": []}}, "totals": {"covered_lines": 26, "num_statements": 27, "percent_covered": 96.29629629629629, "percent_covered_display": "96", "missing_lines": 1, "excluded_lines": 0}}